  [1m[36m (9.2ms)[0m  [1mCREATE TABLE "schema_migrations" ("version" varchar(255) NOT NULL) [0m
  [1m[35m (1.6ms)[0m  CREATE UNIQUE INDEX "unique_schema_migrations" ON "schema_migrations" ("version")
  [1m[36mActiveRecord::SchemaMigration Load (0.2ms)[0m  [1mSELECT "schema_migrations".* FROM "schema_migrations"[0m
Migrating to CreateUsers (20140922222206)
  [1m[35m (0.2ms)[0m  begin transaction
  [1m[36m (0.6ms)[0m  [1mCREATE TABLE "users" ("id" INTEGER PRIMARY KEY AUTOINCREMENT NOT NULL, "email" varchar(255), "password" varchar(255), "last_name" varchar(255), "first_name" varchar(255), "created_at" datetime, "updated_at" datetime) [0m
  [1m[35mSQL (1.4ms)[0m  INSERT INTO "schema_migrations" ("version") VALUES (?)  [["version", "20140922222206"]]
  [1m[36m (1.6ms)[0m  [1mcommit transaction[0m
Migrating to CreateComponents (20140923192142)
  [1m[35m (0.1ms)[0m  begin transaction
  [1m[36m (0.2ms)[0m  [1mCREATE TABLE "components" ("id" INTEGER PRIMARY KEY AUTOINCREMENT NOT NULL, "name" varchar(255), "type" varchar(255), "created_at" datetime, "updated_at" datetime) [0m
  [1m[35mSQL (0.2ms)[0m  INSERT INTO "schema_migrations" ("version") VALUES (?)  [["version", "20140923192142"]]
  [1m[36m (1.2ms)[0m  [1mcommit transaction[0m
Migrating to CreateSyllabuses (20140923192241)
  [1m[35m (0.1ms)[0m  begin transaction
  [1m[36m (0.3ms)[0m  [1mCREATE TABLE "syllabuses" ("id" INTEGER PRIMARY KEY AUTOINCREMENT NOT NULL, "title" varchar(255), "location" varchar(255), "professor" varchar(255), "created_at" datetime, "updated_at" datetime) [0m
  [1m[35mSQL (0.3ms)[0m  INSERT INTO "schema_migrations" ("version") VALUES (?)  [["version", "20140923192241"]]
  [1m[36m (1.8ms)[0m  [1mcommit transaction[0m
Migrating to ChangeUsers (20140923193554)
  [1m[35m (0.1ms)[0m  begin transaction
  [1m[36m (0.3ms)[0m  [1mALTER TABLE "users" ADD "office" varchar(255)[0m
  [1m[35m (0.2ms)[0m  ALTER TABLE "users" ADD "school" varchar(255)
  [1m[36mSQL (0.2ms)[0m  [1mINSERT INTO "schema_migrations" ("version") VALUES (?)[0m  [["version", "20140923193554"]]
  [1m[35m (1.0ms)[0m  commit transaction
  [1m[36mActiveRecord::SchemaMigration Load (0.1ms)[0m  [1mSELECT "schema_migrations".* FROM "schema_migrations"[0m
  [1m[36mActiveRecord::SchemaMigration Load (0.2ms)[0m  [1mSELECT "schema_migrations".* FROM "schema_migrations"[0m
Migrating to AddCourseNoDeptAndTerm (20140923194119)
  [1m[35m (0.1ms)[0m  begin transaction
  [1m[36m (0.4ms)[0m  [1mALTER TABLE "syllabuses" ADD "course_num" varchar(255)[0m
  [1m[35m (0.2ms)[0m  ALTER TABLE "syllabuses" ADD "department" varchar(255)
  [1m[36m (0.2ms)[0m  [1mALTER TABLE "syllabuses" ADD "term" varchar(255)[0m
  [1m[35m (0.3ms)[0m  CREATE TEMPORARY TABLE "asyllabuses" ("id" INTEGER PRIMARY KEY AUTOINCREMENT NOT NULL, "title" varchar(255), "location" varchar(255), "professor" varchar(255), "created_at" datetime, "updated_at" datetime, "course_num" varchar(255), "department" varchar(255), "term" varchar(255)) 
  [1m[36m (0.1ms)[0m  [1mSELECT * FROM "syllabuses"[0m
  [1m[35m (0.2ms)[0m  DROP TABLE "syllabuses"
  [1m[36m (0.2ms)[0m  [1mCREATE TABLE "syllabuses" ("id" INTEGER PRIMARY KEY AUTOINCREMENT NOT NULL, "title" varchar(255), "location" varchar(255), "created_at" datetime, "updated_at" datetime, "course_num" varchar(255), "department" varchar(255), "term" varchar(255)) [0m
  [1m[35m (0.1ms)[0m  SELECT * FROM "asyllabuses"
  [1m[36m (0.2ms)[0m  [1mDROP TABLE "asyllabuses"[0m
  [1m[35mSQL (1.4ms)[0m  INSERT INTO "schema_migrations" ("version") VALUES (?)  [["version", "20140923194119"]]
  [1m[36m (1.2ms)[0m  [1mcommit transaction[0m
  [1m[35mActiveRecord::SchemaMigration Load (0.1ms)[0m  SELECT "schema_migrations".* FROM "schema_migrations"
